S2 launched
S2 received:{
    "S2_KEY_2013_05_24_12_10_09" = "-ignite";
    messageCount = 1;
}
S2 received:{
    "S2_KEY_2013_05_24_12_10_09" = "-entry /Users/mondogrosso/Desktop/S2/S2target/build.gradle,/Users/mondogrosso/Desktop/S2/S2target/build.sbt,/Users/mondogrosso/Desktop/S2/S2target/src/.DS_Store,/Users/mondogrosso/Desktop/S2/S2target/src/main/.DS_Store,/Users/mondogrosso/Desktop/S2/S2target/src/main/scala/.DS_Store,/Users/mondogrosso/Desktop/S2/S2target/src/main/scala/HelloWorld.scala,/Users/mondogrosso/Desktop/S2/S2target/src/main/scala/s.scala,/Users/mondogrosso/Desktop/S2/S2target/src/main/scala/t.scala";
    messageCount = 2;
}
S2 received:{
    "S2_KEY_2013_05_24_12_10_09" = "-entry /Users/mondogrosso/Desktop/S2/S2target/build.gradle,/Users/mondogrosso/Desktop/S2/S2target/build.sbt,/Users/mondogrosso/Desktop/S2/S2target/src/.DS_Store,/Users/mondogrosso/Desktop/S2/S2target/src/main/.DS_Store,/Users/mondogrosso/Desktop/S2/S2target/src/main/scala/.DS_Store,/Users/mondogrosso/Desktop/S2/S2target/src/main/scala/HelloWorld.scala,/Users/mondogrosso/Desktop/S2/S2target/src/main/scala/s.scala,/Users/mondogrosso/Desktop/S2/S2target/src/main/scala/t.scala";
    messageCount = 3;
}
S2 received:{
    "S2_KEY_2013_05_24_12_10_09" = "-entry /Users/mondogrosso/Desktop/S2/S2target/build.gradle,/Users/mondogrosso/Desktop/S2/S2target/build.sbt,/Users/mondogrosso/Desktop/S2/S2target/src/.DS_Store,/Users/mondogrosso/Desktop/S2/S2target/src/main/.DS_Store,/Users/mondogrosso/Desktop/S2/S2target/src/main/scala/.DS_Store,/Users/mondogrosso/Desktop/S2/S2target/src/main/scala/HelloWorld.scala,/Users/mondogrosso/Desktop/S2/S2target/src/main/scala/s.scala,/Users/mondogrosso/Desktop/S2/S2target/src/main/scala/t.scala";
    messageCount = 4;
}
S2 received:{
    "S2_KEY_2013_05_24_12_10_09" = "-entry /Users/mondogrosso/Desktop/S2/S2target/build.gradle,/Users/mondogrosso/Desktop/S2/S2target/build.sbt,/Users/mondogrosso/Desktop/S2/S2target/src/.DS_Store,/Users/mondogrosso/Desktop/S2/S2target/src/main/.DS_Store,/Users/mondogrosso/Desktop/S2/S2target/src/main/scala/.DS_Store,/Users/mondogrosso/Desktop/S2/S2target/src/main/scala/HelloWorld.scala,/Users/mondogrosso/Desktop/S2/S2target/src/main/scala/s.scala,/Users/mondogrosso/Desktop/S2/S2target/src/main/scala/t.scala";
    messageCount = 5;
}
S2 received:{
    "S2_KEY_2013_05_24_12_10_09" = "-entry /Users/mondogrosso/Desktop/S2/S2target/build.gradle,/Users/mondogrosso/Desktop/S2/S2target/build.sbt,/Users/mondogrosso/Desktop/S2/S2target/src/.DS_Store,/Users/mondogrosso/Desktop/S2/S2target/src/main/.DS_Store,/Users/mondogrosso/Desktop/S2/S2target/src/main/scala/.DS_Store,/Users/mondogrosso/Desktop/S2/S2target/src/main/scala/HelloWorld.scala,/Users/mondogrosso/Desktop/S2/S2target/src/main/scala/s.scala,/Users/mondogrosso/Desktop/S2/S2target/src/main/scala/t.scala";
    messageCount = 6;
}
S2 received:{
    "S2_KEY_2013_05_24_12_10_09" = "-update:/Users/mondogrosso/Desktop/S2/S2target/build.gradle apply plugin:\"scala\"\napply plugin:\"maven\"\n\ntask wrapper(type: Wrapper) {\n    gradleVersion = '1.6'\n}\n\ndef encoding = 'UTF-8'\n\n[compileScala, compileTestScala].each{\n\tit.options.encoding = encoding\n}\n\nrepositories {\n\tmavenCentral()\n}\n\ndependencies {\n\tscalaTools  (\n\t\t[group: \"org.scala-lang\", name: \"scala-compiler\",version: \"2.10.1\"],\n\t\t[group: \"org.scala-lang\", name: \"scala-library\",version: \"2.10.1\"]\n\t)\n\t\n\tcompile (\n\t\t[group: \"org.scala-lang\", name: \"scala-library\",version: \"2.10.1\"]\n\t)\n}\n\n\n\n\n// compileScala {\n// \tscalaCompileOptions.useCompileDaemon = false\n// }\n\n// tasks.withType(ScalaCompile) {\n//     scalaCompileOptions.useAnt = false,\n// }\n// tasks.withType(ScalaCompile) {    \n//     configure(scalaCompileOptions.forkOptions) {\n//         memoryMaximumSize = '1g'\n//         jvmArgs = ['-XX:MaxPermSize=512m']\n//     }\n// }\n\n// jar {\n// \tmanifest {\n// \t\tattributes 'Main-class': \"com.kissaki.mondogrosso.mondogrossoProcessOrders.MondogrossoProcessOrders\"\n// \t}\n\t\n// \tfrom {\n// \t\tconfigurations.runtime.collect {\n// \t\t\tif (it.isDirectory()){\n// \t\t\t} else {\n// \t\t\t\tit\n// \t\t\t\tzipTree(it)\n// \t\t\t}\n// \t\t}\n// \t}\n\t\n// \tfrom {\n// \t\tfileTree(dir: 'resources', includes: ['*.*'])\n// \t}\n\t\n// \t//exclude('scala/**') \n// }\n\n";
    messageCount = 7;
}
S2 received:{
    "S2_KEY_2013_05_24_12_10_09" = "-update:/Users/mondogrosso/Desktop/S2/S2target/src/main/scala/HelloWorld.scala object HelloWorld {\n\t\n\tdef main(args: Array[String]) = println(\"Hi!\")\n\n\tprintln(\"hereComes\")\n\tval sda = 100\n\tval a = \"a\"\n}";
    messageCount = 8;
}
S2 received:{
    "S2_KEY_2013_05_24_12_10_09" = "-update:/Users/mondogrosso/Desktop/S2/S2target/src/main/scala/s.scala no-data, maybe path does not exist.";
    messageCount = 9;
}
S2 received:{
    "S2_KEY_2013_05_24_12_10_09" = "-update:/Users/mondogrosso/Desktop/S2/S2target/src/main/scala/t.scala no-data, maybe path does not exist.";
    messageCount = 10;
}
S2 received:{
    "S2_KEY_2013_05_24_12_10_09" = "-update:/Users/mondogrosso/Desktop/S2/S2target/build.gradle apply plugin:\"scala\"\napply plugin:\"maven\"\n\ntask wrapper(type: Wrapper) {\n    gradleVersion = '1.6'\n}\n\ndef encoding = 'UTF-8'\n\n[compileScala, compileTestScala].each{\n\tit.options.encoding = encoding\n}\n\nrepositories {\n\tmavenCentral()\n}\n\ndependencies {\n\tscalaTools  (\n\t\t[group: \"org.scala-lang\", name: \"scala-compiler\",version: \"2.10.1\"],\n\t\t[group: \"org.scala-lang\", name: \"scala-library\",version: \"2.10.1\"]\n\t)\n\t\n\tcompile (\n\t\t[group: \"org.scala-lang\", name: \"scala-library\",version: \"2.10.1\"]\n\t)\n}\n\n\n\n\n// compileScala {\n// \tscalaCompileOptions.useCompileDaemon = false\n// }\n\n// tasks.withType(ScalaCompile) {\n//     scalaCompileOptions.useAnt = false,\n// }\n// tasks.withType(ScalaCompile) {    \n//     configure(scalaCompileOptions.forkOptions) {\n//         memoryMaximumSize = '1g'\n//         jvmArgs = ['-XX:MaxPermSize=512m']\n//     }\n// }\n\n// jar {\n// \tmanifest {\n// \t\tattributes 'Main-class': \"com.kissaki.mondogrosso.mondogrossoProcessOrders.MondogrossoProcessOrders\"\n// \t}\n\t\n// \tfrom {\n// \t\tconfigurations.runtime.collect {\n// \t\t\tif (it.isDirectory()){\n// \t\t\t} else {\n// \t\t\t\tit\n// \t\t\t\tzipTree(it)\n// \t\t\t}\n// \t\t}\n// \t}\n\t\n// \tfrom {\n// \t\tfileTree(dir: 'resources', includes: ['*.*'])\n// \t}\n\t\n// \t//exclude('scala/**') \n// }\n\n";
    messageCount = 11;
}
S2 received:{
    "S2_KEY_2013_05_24_12_10_09" = "-update:/Users/mondogrosso/Desktop/S2/S2target/src/main/scala/HelloWorld.scala object HelloWorld {\n\t\n\tdef main(args: Array[String]) = println(\"Hi!\")\n\n\tprintln(\"hereComes\")\n\tval sda = 100\n\tval a = \"a\"\n}";
    messageCount = 12;
}
S2 received:{
    "S2_KEY_2013_05_24_12_10_09" = "-update:/Users/mondogrosso/Desktop/S2/S2target/src/main/scala/s.scala no-data, maybe path does not exist.";
    messageCount = 13;
}
S2 received:{
    "S2_KEY_2013_05_24_12_10_09" = "-update:/Users/mondogrosso/Desktop/S2/S2target/src/main/scala/t.scala no-data, maybe path does not exist.";
    messageCount = 14;
}
S2 received:{
    "S2_KEY_2013_05_24_12_10_09" = "-update:/Users/mondogrosso/Desktop/S2/S2target/build.gradle apply plugin:\"scala\"\napply plugin:\"maven\"\n\ntask wrapper(type: Wrapper) {\n    gradleVersion = '1.6'\n}\n\ndef encoding = 'UTF-8'\n\n[compileScala, compileTestScala].each{\n\tit.options.encoding = encoding\n}\n\nrepositories {\n\tmavenCentral()\n}\n\ndependencies {\n\tscalaTools  (\n\t\t[group: \"org.scala-lang\", name: \"scala-compiler\",version: \"2.10.1\"],\n\t\t[group: \"org.scala-lang\", name: \"scala-library\",version: \"2.10.1\"]\n\t)\n\t\n\tcompile (\n\t\t[group: \"org.scala-lang\", name: \"scala-library\",version: \"2.10.1\"]\n\t)\n}\n\n\n\n\n// compileScala {\n// \tscalaCompileOptions.useCompileDaemon = false\n// }\n\n// tasks.withType(ScalaCompile) {\n//     scalaCompileOptions.useAnt = false,\n// }\n// tasks.withType(ScalaCompile) {    \n//     configure(scalaCompileOptions.forkOptions) {\n//         memoryMaximumSize = '1g'\n//         jvmArgs = ['-XX:MaxPermSize=512m']\n//     }\n// }\n\n// jar {\n// \tmanifest {\n// \t\tattributes 'Main-class': \"com.kissaki.mondogrosso.mondogrossoProcessOrders.MondogrossoProcessOrders\"\n// \t}\n\t\n// \tfrom {\n// \t\tconfigurations.runtime.collect {\n// \t\t\tif (it.isDirectory()){\n// \t\t\t} else {\n// \t\t\t\tit\n// \t\t\t\tzipTree(it)\n// \t\t\t}\n// \t\t}\n// \t}\n\t\n// \tfrom {\n// \t\tfileTree(dir: 'resources', includes: ['*.*'])\n// \t}\n\t\n// \t//exclude('scala/**') \n// }\n\n";
    messageCount = 15;
}
S2 received:{
    "S2_KEY_2013_05_24_12_10_09" = "-update:/Users/mondogrosso/Desktop/S2/S2target/src/main/scala/HelloWorld.scala object HelloWorld {\n\t\n\tdef main(args: Array[String]) = println(\"Hi!\")\n\n\tprintln(\"hereComes\")\n\tval sda = 100\n\tval a = \"a\"\n}";
    messageCount = 16;
}
S2 received:{
    "S2_KEY_2013_05_24_12_10_09" = "-update:/Users/mondogrosso/Desktop/S2/S2target/src/main/scala/s.scala no-data, maybe path does not exist.";
    messageCount = 17;
}
S2 received:{
    "S2_KEY_2013_05_24_12_10_09" = "-update:/Users/mondogrosso/Desktop/S2/S2target/src/main/scala/t.scala no-data, maybe path does not exist.";
    messageCount = 18;
}
S2 received:{
    "S2_KEY_2013_05_24_12_10_09" = "-update:/Users/mondogrosso/Desktop/S2/S2target/build.gradle apply plugin:\"scala\"\napply plugin:\"maven\"\n\ntask wrapper(type: Wrapper) {\n    gradleVersion = '1.6'\n}\n\ndef encoding = 'UTF-8'\n\n[compileScala, compileTestScala].each{\n\tit.options.encoding = encoding\n}\n\nrepositories {\n\tmavenCentral()\n}\n\ndependencies {\n\tscalaTools  (\n\t\t[group: \"org.scala-lang\", name: \"scala-compiler\",version: \"2.10.1\"],\n\t\t[group: \"org.scala-lang\", name: \"scala-library\",version: \"2.10.1\"]\n\t)\n\t\n\tcompile (\n\t\t[group: \"org.scala-lang\", name: \"scala-library\",version: \"2.10.1\"]\n\t)\n}\n\n\n\n\n// compileScala {\n// \tscalaCompileOptions.useCompileDaemon = false\n// }\n\n// tasks.withType(ScalaCompile) {\n//     scalaCompileOptions.useAnt = false,\n// }\n// tasks.withType(ScalaCompile) {    \n//     configure(scalaCompileOptions.forkOptions) {\n//         memoryMaximumSize = '1g'\n//         jvmArgs = ['-XX:MaxPermSize=512m']\n//     }\n// }\n\n// jar {\n// \tmanifest {\n// \t\tattributes 'Main-class': \"com.kissaki.mondogrosso.mondogrossoProcessOrders.MondogrossoProcessOrders\"\n// \t}\n\t\n// \tfrom {\n// \t\tconfigurations.runtime.collect {\n// \t\t\tif (it.isDirectory()){\n// \t\t\t} else {\n// \t\t\t\tit\n// \t\t\t\tzipTree(it)\n// \t\t\t}\n// \t\t}\n// \t}\n\t\n// \tfrom {\n// \t\tfileTree(dir: 'resources', includes: ['*.*'])\n// \t}\n\t\n// \t//exclude('scala/**') \n// }\n\n";
    messageCount = 19;
}
S2 received:{
    "S2_KEY_2013_05_24_12_10_09" = "-update:/Users/mondogrosso/Desktop/S2/S2target/src/main/scala/HelloWorld.scala object HelloWorld {\n\t\n\tdef main(args: Array[String]) = println(\"Hi!\")\n\n\tprintln(\"hereComes\")\n\tval sda = 100\n\tval a = \"a\"\n}";
    messageCount = 20;
}
S2 received:{
    "S2_KEY_2013_05_24_12_10_09" = "-update:/Users/mondogrosso/Desktop/S2/S2target/src/main/scala/s.scala no-data, maybe path does not exist.";
    messageCount = 21;
}
S2 received:{
    "S2_KEY_2013_05_24_12_10_09" = "-update:/Users/mondogrosso/Desktop/S2/S2target/src/main/scala/t.scala no-data, maybe path does not exist.";
    messageCount = 22;
}
S2 received:{
    "S2_KEY_2013_05_24_12_10_09" = "-update:/Users/mondogrosso/Desktop/S2/S2target/build.gradle apply plugin:\"scala\"\napply plugin:\"maven\"\n\ntask wrapper(type: Wrapper) {\n    gradleVersion = '1.6'\n}\n\ndef encoding = 'UTF-8'\n\n[compileScala, compileTestScala].each{\n\tit.options.encoding = encoding\n}\n\nrepositories {\n\tmavenCentral()\n}\n\ndependencies {\n\tscalaTools  (\n\t\t[group: \"org.scala-lang\", name: \"scala-compiler\",version: \"2.10.1\"],\n\t\t[group: \"org.scala-lang\", name: \"scala-library\",version: \"2.10.1\"]\n\t)\n\t\n\tcompile (\n\t\t[group: \"org.scala-lang\", name: \"scala-library\",version: \"2.10.1\"]\n\t)\n}\n\n\n\n\n// compileScala {\n// \tscalaCompileOptions.useCompileDaemon = false\n// }\n\n// tasks.withType(ScalaCompile) {\n//     scalaCompileOptions.useAnt = false,\n// }\n// tasks.withType(ScalaCompile) {    \n//     configure(scalaCompileOptions.forkOptions) {\n//         memoryMaximumSize = '1g'\n//         jvmArgs = ['-XX:MaxPermSize=512m']\n//     }\n// }\n\n// jar {\n// \tmanifest {\n// \t\tattributes 'Main-class': \"com.kissaki.mondogrosso.mondogrossoProcessOrders.MondogrossoProcessOrders\"\n// \t}\n\t\n// \tfrom {\n// \t\tconfigurations.runtime.collect {\n// \t\t\tif (it.isDirectory()){\n// \t\t\t} else {\n// \t\t\t\tit\n// \t\t\t\tzipTree(it)\n// \t\t\t}\n// \t\t}\n// \t}\n\t\n// \tfrom {\n// \t\tfileTree(dir: 'resources', includes: ['*.*'])\n// \t}\n\t\n// \t//exclude('scala/**') \n// }\n\n";
    messageCount = 23;
}
S2 received:{
    "S2_KEY_2013_05_24_12_10_09" = "-update:/Users/mondogrosso/Desktop/S2/S2target/src/main/scala/HelloWorld.scala object HelloWorld {\n\t\n\tdef main(args: Array[String]) = println(\"Hi!\")\n\n\tprintln(\"hereComes\")\n\tval sda = 100\n\tval a = \"a\"\n}";
    messageCount = 24;
}
S2 received:{
    "S2_KEY_2013_05_24_12_10_09" = "-update:/Users/mondogrosso/Desktop/S2/S2target/src/main/scala/s.scala no-data, maybe path does not exist.";
    messageCount = 25;
}
S2 received:{
    "S2_KEY_2013_05_24_12_10_09" = "-update:/Users/mondogrosso/Desktop/S2/S2target/src/main/scala/t.scala no-data, maybe path does not exist.";
    messageCount = 26;
}
S2 received:{
    "S2_KEY_2013_05_24_12_10_09" = "-update:/Users/mondogrosso/Desktop/S2/S2target/build.gradle apply plugin:\"scala\"\napply plugin:\"maven\"\n\ntask wrapper(type: Wrapper) {\n    gradleVersion = '1.6'\n}\n\ndef encoding = 'UTF-8'\n\n[compileScala, compileTestScala].each{\n\tit.options.encoding = encoding\n}\n\nrepositories {\n\tmavenCentral()\n}\n\ndependencies {\n\tscalaTools  (\n\t\t[group: \"org.scala-lang\", name: \"scala-compiler\",version: \"2.10.1\"],\n\t\t[group: \"org.scala-lang\", name: \"scala-library\",version: \"2.10.1\"]\n\t)\n\t\n\tcompile (\n\t\t[group: \"org.scala-lang\", name: \"scala-library\",version: \"2.10.1\"]\n\t)\n}\n\n\n\n\n// compileScala {\n// \tscalaCompileOptions.useCompileDaemon = false\n// }\n\n// tasks.withType(ScalaCompile) {\n//     scalaCompileOptions.useAnt = false,\n// }\n// tasks.withType(ScalaCompile) {    \n//     configure(scalaCompileOptions.forkOptions) {\n//         memoryMaximumSize = '1g'\n//         jvmArgs = ['-XX:MaxPermSize=512m']\n//     }\n// }\n\n// jar {\n// \tmanifest {\n// \t\tattributes 'Main-class': \"com.kissaki.mondogrosso.mondogrossoProcessOrders.MondogrossoProcessOrders\"\n// \t}\n\t\n// \tfrom {\n// \t\tconfigurations.runtime.collect {\n// \t\t\tif (it.isDirectory()){\n// \t\t\t} else {\n// \t\t\t\tit\n// \t\t\t\tzipTree(it)\n// \t\t\t}\n// \t\t}\n// \t}\n\t\n// \tfrom {\n// \t\tfileTree(dir: 'resources', includes: ['*.*'])\n// \t}\n\t\n// \t//exclude('scala/**') \n// }\n\n";
    messageCount = 27;
}
S2 received:{
    "S2_KEY_2013_05_24_12_10_09" = "-update:/Users/mondogrosso/Desktop/S2/S2target/src/main/scala/HelloWorld.scala object HelloWorld {\n\t\n\tdef main(args: Array[String]) = println(\"Hi!\")\n\n\tprintln(\"hereComes\")\n\tval sda = 100\n\tval a = \"a\"\n}";
    messageCount = 28;
}
S2 received:{
    "S2_KEY_2013_05_24_12_10_09" = "-update:/Users/mondogrosso/Desktop/S2/S2target/src/main/scala/s.scala no-data, maybe path does not exist.";
    messageCount = 29;
}
S2 received:{
    "S2_KEY_2013_05_24_12_10_09" = "-update:/Users/mondogrosso/Desktop/S2/S2target/src/main/scala/t.scala no-data, maybe path does not exist.";
    messageCount = 30;
}
S2 received:{
    "S2_KEY_2013_05_24_12_10_09" = "-update:/Users/mondogrosso/Desktop/S2/S2target/build.gradle apply plugin:\"scala\"\napply plugin:\"maven\"\n\ntask wrapper(type: Wrapper) {\n    gradleVersion = '1.6'\n}\n\ndef encoding = 'UTF-8'\n\n[compileScala, compileTestScala].each{\n\tit.options.encoding = encoding\n}\n\nrepositories {\n\tmavenCentral()\n}\n\ndependencies {\n\tscalaTools  (\n\t\t[group: \"org.scala-lang\", name: \"scala-compiler\",version: \"2.10.1\"],\n\t\t[group: \"org.scala-lang\", name: \"scala-library\",version: \"2.10.1\"]\n\t)\n\t\n\tcompile (\n\t\t[group: \"org.scala-lang\", name: \"scala-library\",version: \"2.10.1\"]\n\t)\n}\n\n\n\n\n// compileScala {\n// \tscalaCompileOptions.useCompileDaemon = false\n// }\n\n// tasks.withType(ScalaCompile) {\n//     scalaCompileOptions.useAnt = false,\n// }\n// tasks.withType(ScalaCompile) {    \n//     configure(scalaCompileOptions.forkOptions) {\n//         memoryMaximumSize = '1g'\n//         jvmArgs = ['-XX:MaxPermSize=512m']\n//     }\n// }\n\n// jar {\n// \tmanifest {\n// \t\tattributes 'Main-class': \"com.kissaki.mondogrosso.mondogrossoProcessOrders.MondogrossoProcessOrders\"\n// \t}\n\t\n// \tfrom {\n// \t\tconfigurations.runtime.collect {\n// \t\t\tif (it.isDirectory()){\n// \t\t\t} else {\n// \t\t\t\tit\n// \t\t\t\tzipTree(it)\n// \t\t\t}\n// \t\t}\n// \t}\n\t\n// \tfrom {\n// \t\tfileTree(dir: 'resources', includes: ['*.*'])\n// \t}\n\t\n// \t//exclude('scala/**') \n// }\n\n";
    messageCount = 31;
}
S2 received:{
    "S2_KEY_2013_05_24_12_10_09" = "-update:/Users/mondogrosso/Desktop/S2/S2target/src/main/scala/HelloWorld.scala object HelloWorld {\n\t\n\tdef main(args: Array[String]) = println(\"Hi!\")\n\n\tprintln(\"hereComes\")\n\tval sda = 100\n\tval a = \"a\"\n}";
    messageCount = 32;
}
S2 received:{
    "S2_KEY_2013_05_24_12_10_09" = "-update:/Users/mondogrosso/Desktop/S2/S2target/src/main/scala/s.scala no-data, maybe path does not exist.";
    messageCount = 33;
}
S2 received:{
    "S2_KEY_2013_05_24_12_10_09" = "-update:/Users/mondogrosso/Desktop/S2/S2target/src/main/scala/t.scala no-data, maybe path does not exist.";
    messageCount = 34;
}
S2 received:{
    "S2_KEY_2013_05_24_12_10_09" = "-update:/Users/mondogrosso/Desktop/S2/S2target/build.gradle apply plugin:\"scala\"\napply plugin:\"maven\"\n\ntask wrapper(type: Wrapper) {\n    gradleVersion = '1.6'\n}\n\ndef encoding = 'UTF-8'\n\n[compileScala, compileTestScala].each{\n\tit.options.encoding = encoding\n}\n\nrepositories {\n\tmavenCentral()\n}\n\ndependencies {\n\tscalaTools  (\n\t\t[group: \"org.scala-lang\", name: \"scala-compiler\",version: \"2.10.1\"],\n\t\t[group: \"org.scala-lang\", name: \"scala-library\",version: \"2.10.1\"]\n\t)\n\t\n\tcompile (\n\t\t[group: \"org.scala-lang\", name: \"scala-library\",version: \"2.10.1\"]\n\t)\n}\n\n\n\n\n// compileScala {\n// \tscalaCompileOptions.useCompileDaemon = false\n// }\n\n// tasks.withType(ScalaCompile) {\n//     scalaCompileOptions.useAnt = false,\n// }\n// tasks.withType(ScalaCompile) {    \n//     configure(scalaCompileOptions.forkOptions) {\n//         memoryMaximumSize = '1g'\n//         jvmArgs = ['-XX:MaxPermSize=512m']\n//     }\n// }\n\n// jar {\n// \tmanifest {\n// \t\tattributes 'Main-class': \"com.kissaki.mondogrosso.mondogrossoProcessOrders.MondogrossoProcessOrders\"\n// \t}\n\t\n// \tfrom {\n// \t\tconfigurations.runtime.collect {\n// \t\t\tif (it.isDirectory()){\n// \t\t\t} else {\n// \t\t\t\tit\n// \t\t\t\tzipTree(it)\n// \t\t\t}\n// \t\t}\n// \t}\n\t\n// \tfrom {\n// \t\tfileTree(dir: 'resources', includes: ['*.*'])\n// \t}\n\t\n// \t//exclude('scala/**') \n// }\n\n";
    messageCount = 35;
}
S2 received:{
    "S2_KEY_2013_05_24_12_10_09" = "-update:/Users/mondogrosso/Desktop/S2/S2target/src/main/scala/HelloWorld.scala object HelloWorld {\n\t\n\tdef main(args: Array[String]) = println(\"Hi!\")\n\n\tprintln(\"hereComes\")\n\tval sda = 100\n\tval a = \"a\"\n}";
    messageCount = 36;
}
S2 received:{
    "S2_KEY_2013_05_24_12_10_09" = "-update:/Users/mondogrosso/Desktop/S2/S2target/src/main/scala/s.scala no-data, maybe path does not exist.";
    messageCount = 37;
}
S2 received:{
    "S2_KEY_2013_05_24_12_10_09" = "-update:/Users/mondogrosso/Desktop/S2/S2target/src/main/scala/t.scala no-data, maybe path does not exist.";
    messageCount = 38;
}
S2 received:{
    "S2_KEY_2013_05_24_12_10_09" = "-update:/Users/mondogrosso/Desktop/S2/S2target/build.gradle apply plugin:\"scala\"\napply plugin:\"maven\"\n\ntask wrapper(type: Wrapper) {\n    gradleVersion = '1.6'\n}\n\ndef encoding = 'UTF-8'\n\n[compileScala, compileTestScala].each{\n\tit.options.encoding = encoding\n}\n\nrepositories {\n\tmavenCentral()\n}\n\ndependencies {\n\tscalaTools  (\n\t\t[group: \"org.scala-lang\", name: \"scala-compiler\",version: \"2.10.1\"],\n\t\t[group: \"org.scala-lang\", name: \"scala-library\",version: \"2.10.1\"]\n\t)\n\t\n\tcompile (\n\t\t[group: \"org.scala-lang\", name: \"scala-library\",version: \"2.10.1\"]\n\t)\n}\n\n\n\n\n// compileScala {\n// \tscalaCompileOptions.useCompileDaemon = false\n// }\n\n// tasks.withType(ScalaCompile) {\n//     scalaCompileOptions.useAnt = false,\n// }\n// tasks.withType(ScalaCompile) {    \n//     configure(scalaCompileOptions.forkOptions) {\n//         memoryMaximumSize = '1g'\n//         jvmArgs = ['-XX:MaxPermSize=512m']\n//     }\n// }\n\n// jar {\n// \tmanifest {\n// \t\tattributes 'Main-class': \"com.kissaki.mondogrosso.mondogrossoProcessOrders.MondogrossoProcessOrders\"\n// \t}\n\t\n// \tfrom {\n// \t\tconfigurations.runtime.collect {\n// \t\t\tif (it.isDirectory()){\n// \t\t\t} else {\n// \t\t\t\tit\n// \t\t\t\tzipTree(it)\n// \t\t\t}\n// \t\t}\n// \t}\n\t\n// \tfrom {\n// \t\tfileTree(dir: 'resources', includes: ['*.*'])\n// \t}\n\t\n// \t//exclude('scala/**') \n// }\n\n";
    messageCount = 39;
}
S2 received:{
    "S2_KEY_2013_05_24_12_10_09" = "-update:/Users/mondogrosso/Desktop/S2/S2target/src/main/scala/HelloWorld.scala object HelloWorld {\n\t\n\tdef main(args: Array[String]) = println(\"Hi!\")\n\n\tprintln(\"hereComes\")\n\tval sda = 100\n\tval a = \"a\"\n}";
    messageCount = 40;
}
S2 received:{
    "S2_KEY_2013_05_24_12_10_09" = "-update:/Users/mondogrosso/Desktop/S2/S2target/src/main/scala/s.scala no-data, maybe path does not exist.";
    messageCount = 41;
}
S2 received:{
    "S2_KEY_2013_05_24_12_10_09" = "-update:/Users/mondogrosso/Desktop/S2/S2target/src/main/scala/t.scala no-data, maybe path does not exist.";
    messageCount = 42;
}
S2 received:{
    "S2_KEY_2013_05_24_12_10_09" = "-update:/Users/mondogrosso/Desktop/S2/S2target/build.gradle apply plugin:\"scala\"\napply plugin:\"maven\"\n\ntask wrapper(type: Wrapper) {\n    gradleVersion = '1.6'\n}\n\ndef encoding = 'UTF-8'\n\n[compileScala, compileTestScala].each{\n\tit.options.encoding = encoding\n}\n\nrepositories {\n\tmavenCentral()\n}\n\ndependencies {\n\tscalaTools  (\n\t\t[group: \"org.scala-lang\", name: \"scala-compiler\",version: \"2.10.1\"],\n\t\t[group: \"org.scala-lang\", name: \"scala-library\",version: \"2.10.1\"]\n\t)\n\t\n\tcompile (\n\t\t[group: \"org.scala-lang\", name: \"scala-library\",version: \"2.10.1\"]\n\t)\n}\n\n\n\n\n// compileScala {\n// \tscalaCompileOptions.useCompileDaemon = false\n// }\n\n// tasks.withType(ScalaCompile) {\n//     scalaCompileOptions.useAnt = false,\n// }\n// tasks.withType(ScalaCompile) {    \n//     configure(scalaCompileOptions.forkOptions) {\n//         memoryMaximumSize = '1g'\n//         jvmArgs = ['-XX:MaxPermSize=512m']\n//     }\n// }\n\n// jar {\n// \tmanifest {\n// \t\tattributes 'Main-class': \"com.kissaki.mondogrosso.mondogrossoProcessOrders.MondogrossoProcessOrders\"\n// \t}\n\t\n// \tfrom {\n// \t\tconfigurations.runtime.collect {\n// \t\t\tif (it.isDirectory()){\n// \t\t\t} else {\n// \t\t\t\tit\n// \t\t\t\tzipTree(it)\n// \t\t\t}\n// \t\t}\n// \t}\n\t\n// \tfrom {\n// \t\tfileTree(dir: 'resources', includes: ['*.*'])\n// \t}\n\t\n// \t//exclude('scala/**') \n// }\n\n";
    messageCount = 43;
}
S2 received:{
    "S2_KEY_2013_05_24_12_10_09" = "-update:/Users/mondogrosso/Desktop/S2/S2target/src/main/scala/HelloWorld.scala object HelloWorld {\n\t\n\tdef main(args: Array[String]) = println(\"Hi!\")\n\n\tprintln(\"hereComes\")\n\tval sda = 100\n\tval a = \"a\"\n}";
    messageCount = 44;
}
S2 received:{
    "S2_KEY_2013_05_24_12_10_09" = "-update:/Users/mondogrosso/Desktop/S2/S2target/src/main/scala/s.scala no-data, maybe path does not exist.";
    messageCount = 45;
}
S2 received:{
    "S2_KEY_2013_05_24_12_10_09" = "-update:/Users/mondogrosso/Desktop/S2/S2target/src/main/scala/t.scala no-data, maybe path does not exist.";
    messageCount = 46;
}
S2 received:{
    "S2_KEY_2013_05_24_12_10_09" = "-update:/Users/mondogrosso/Desktop/S2/S2target/build.gradle apply plugin:\"scala\"\napply plugin:\"maven\"\n\ntask wrapper(type: Wrapper) {\n    gradleVersion = '1.6'\n}\n\ndef encoding = 'UTF-8'\n\n[compileScala, compileTestScala].each{\n\tit.options.encoding = encoding\n}\n\nrepositories {\n\tmavenCentral()\n}\n\ndependencies {\n\tscalaTools  (\n\t\t[group: \"org.scala-lang\", name: \"scala-compiler\",version: \"2.10.1\"],\n\t\t[group: \"org.scala-lang\", name: \"scala-library\",version: \"2.10.1\"]\n\t)\n\t\n\tcompile (\n\t\t[group: \"org.scala-lang\", name: \"scala-library\",version: \"2.10.1\"]\n\t)\n}\n\n\n\n\n// compileScala {\n// \tscalaCompileOptions.useCompileDaemon = false\n// }\n\n// tasks.withType(ScalaCompile) {\n//     scalaCompileOptions.useAnt = false,\n// }\n// tasks.withType(ScalaCompile) {    \n//     configure(scalaCompileOptions.forkOptions) {\n//         memoryMaximumSize = '1g'\n//         jvmArgs = ['-XX:MaxPermSize=512m']\n//     }\n// }\n\n// jar {\n// \tmanifest {\n// \t\tattributes 'Main-class': \"com.kissaki.mondogrosso.mondogrossoProcessOrders.MondogrossoProcessOrders\"\n// \t}\n\t\n// \tfrom {\n// \t\tconfigurations.runtime.collect {\n// \t\t\tif (it.isDirectory()){\n// \t\t\t} else {\n// \t\t\t\tit\n// \t\t\t\tzipTree(it)\n// \t\t\t}\n// \t\t}\n// \t}\n\t\n// \tfrom {\n// \t\tfileTree(dir: 'resources', includes: ['*.*'])\n// \t}\n\t\n// \t//exclude('scala/**') \n// }\n\n";
    messageCount = 47;
}
S2 received:{
    "S2_KEY_2013_05_24_12_10_09" = "-update:/Users/mondogrosso/Desktop/S2/S2target/src/main/scala/HelloWorld.scala object HelloWorld {\n\t\n\tdef main(args: Array[String]) = println(\"Hi!\")\n\n\tprintln(\"hereComes\")\n\tval sda = 100\n\tval a = \"a\"\n}";
    messageCount = 48;
}
S2 received:{
    "S2_KEY_2013_05_24_12_10_09" = "-update:/Users/mondogrosso/Desktop/S2/S2target/src/main/scala/s.scala no-data, maybe path does not exist.";
    messageCount = 49;
}
S2 received:{
    "S2_KEY_2013_05_24_12_10_09" = "-update:/Users/mondogrosso/Desktop/S2/S2target/src/main/scala/t.scala no-data, maybe path does not exist.";
    messageCount = 50;
}
S2 received:{
    "S2_KEY_2013_05_24_12_10_09" = "-update:/Users/mondogrosso/Desktop/S2/S2target/build.gradle apply plugin:\"scala\"\napply plugin:\"maven\"\n\ntask wrapper(type: Wrapper) {\n    gradleVersion = '1.6'\n}\n\ndef encoding = 'UTF-8'\n\n[compileScala, compileTestScala].each{\n\tit.options.encoding = encoding\n}\n\nrepositories {\n\tmavenCentral()\n}\n\ndependencies {\n\tscalaTools  (\n\t\t[group: \"org.scala-lang\", name: \"scala-compiler\",version: \"2.10.1\"],\n\t\t[group: \"org.scala-lang\", name: \"scala-library\",version: \"2.10.1\"]\n\t)\n\t\n\tcompile (\n\t\t[group: \"org.scala-lang\", name: \"scala-library\",version: \"2.10.1\"]\n\t)\n}\n\n\n\n\n// compileScala {\n// \tscalaCompileOptions.useCompileDaemon = false\n// }\n\n// tasks.withType(ScalaCompile) {\n//     scalaCompileOptions.useAnt = false,\n// }\n// tasks.withType(ScalaCompile) {    \n//     configure(scalaCompileOptions.forkOptions) {\n//         memoryMaximumSize = '1g'\n//         jvmArgs = ['-XX:MaxPermSize=512m']\n//     }\n// }\n\n// jar {\n// \tmanifest {\n// \t\tattributes 'Main-class': \"com.kissaki.mondogrosso.mondogrossoProcessOrders.MondogrossoProcessOrders\"\n// \t}\n\t\n// \tfrom {\n// \t\tconfigurations.runtime.collect {\n// \t\t\tif (it.isDirectory()){\n// \t\t\t} else {\n// \t\t\t\tit\n// \t\t\t\tzipTree(it)\n// \t\t\t}\n// \t\t}\n// \t}\n\t\n// \tfrom {\n// \t\tfileTree(dir: 'resources', includes: ['*.*'])\n// \t}\n\t\n// \t//exclude('scala/**') \n// }\n\n";
    messageCount = 51;
}
S2 received:{
    "S2_KEY_2013_05_24_12_10_09" = "-update:/Users/mondogrosso/Desktop/S2/S2target/src/main/scala/HelloWorld.scala object HelloWorld {\n\t\n\tdef main(args: Array[String]) = println(\"Hi!\")\n\n\tprintln(\"hereComes\")\n\tval sda = 100\n\tval a = \"a\"\n}";
    messageCount = 52;
}
S2 received:{
    "S2_KEY_2013_05_24_12_10_09" = "-update:/Users/mondogrosso/Desktop/S2/S2target/src/main/scala/s.scala no-data, maybe path does not exist.";
    messageCount = 53;
}
S2 received:{
    "S2_KEY_2013_05_24_12_10_09" = "-update:/Users/mondogrosso/Desktop/S2/S2target/src/main/scala/t.scala no-data, maybe path does not exist.";
    messageCount = 54;
}
S2 received:{
    "S2_KEY_2013_05_24_12_10_09" = "-update:/Users/mondogrosso/Desktop/S2/S2target/build.gradle apply plugin:\"scala\"\napply plugin:\"maven\"\n\ntask wrapper(type: Wrapper) {\n    gradleVersion = '1.6'\n}\n\ndef encoding = 'UTF-8'\n\n[compileScala, compileTestScala].each{\n\tit.options.encoding = encoding\n}\n\nrepositories {\n\tmavenCentral()\n}\n\ndependencies {\n\tscalaTools  (\n\t\t[group: \"org.scala-lang\", name: \"scala-compiler\",version: \"2.10.1\"],\n\t\t[group: \"org.scala-lang\", name: \"scala-library\",version: \"2.10.1\"]\n\t)\n\t\n\tcompile (\n\t\t[group: \"org.scala-lang\", name: \"scala-library\",version: \"2.10.1\"]\n\t)\n}\n\n\n\n\n// compileScala {\n// \tscalaCompileOptions.useCompileDaemon = false\n// }\n\n// tasks.withType(ScalaCompile) {\n//     scalaCompileOptions.useAnt = false,\n// }\n// tasks.withType(ScalaCompile) {    \n//     configure(scalaCompileOptions.forkOptions) {\n//         memoryMaximumSize = '1g'\n//         jvmArgs = ['-XX:MaxPermSize=512m']\n//     }\n// }\n\n// jar {\n// \tmanifest {\n// \t\tattributes 'Main-class': \"com.kissaki.mondogrosso.mondogrossoProcessOrders.MondogrossoProcessOrders\"\n// \t}\n\t\n// \tfrom {\n// \t\tconfigurations.runtime.collect {\n// \t\t\tif (it.isDirectory()){\n// \t\t\t} else {\n// \t\t\t\tit\n// \t\t\t\tzipTree(it)\n// \t\t\t}\n// \t\t}\n// \t}\n\t\n// \tfrom {\n// \t\tfileTree(dir: 'resources', includes: ['*.*'])\n// \t}\n\t\n// \t//exclude('scala/**') \n// }\n\n";
    messageCount = 55;
}
S2 received:{
    "S2_KEY_2013_05_24_12_10_09" = "-update:/Users/mondogrosso/Desktop/S2/S2target/src/main/scala/HelloWorld.scala object HelloWorld {\n\t\n\tdef main(args: Array[String]) = println(\"Hi!\")\n\n\tprintln(\"hereComes\")\n\tval sda = 100\n\tval a = \"a\"\n}";
    messageCount = 56;
}
S2 received:{
    "S2_KEY_2013_05_24_12_10_09" = "-update:/Users/mondogrosso/Desktop/S2/S2target/src/main/scala/s.scala no-data, maybe path does not exist.";
    messageCount = 57;
}
S2 received:{
    "S2_KEY_2013_05_24_12_10_09" = "-update:/Users/mondogrosso/Desktop/S2/S2target/src/main/scala/t.scala no-data, maybe path does not exist.";
    messageCount = 58;
}
S2 received:{
    "S2_KEY_2013_05_24_12_10_09" = "-update:/Users/mondogrosso/Desktop/S2/S2target/build.gradle apply plugin:\"scala\"\napply plugin:\"maven\"\n\ntask wrapper(type: Wrapper) {\n    gradleVersion = '1.6'\n}\n\ndef encoding = 'UTF-8'\n\n[compileScala, compileTestScala].each{\n\tit.options.encoding = encoding\n}\n\nrepositories {\n\tmavenCentral()\n}\n\ndependencies {\n\tscalaTools  (\n\t\t[group: \"org.scala-lang\", name: \"scala-compiler\",version: \"2.10.1\"],\n\t\t[group: \"org.scala-lang\", name: \"scala-library\",version: \"2.10.1\"]\n\t)\n\t\n\tcompile (\n\t\t[group: \"org.scala-lang\", name: \"scala-library\",version: \"2.10.1\"]\n\t)\n}\n\n\n\n\n// compileScala {\n// \tscalaCompileOptions.useCompileDaemon = false\n// }\n\n// tasks.withType(ScalaCompile) {\n//     scalaCompileOptions.useAnt = false,\n// }\n// tasks.withType(ScalaCompile) {    \n//     configure(scalaCompileOptions.forkOptions) {\n//         memoryMaximumSize = '1g'\n//         jvmArgs = ['-XX:MaxPermSize=512m']\n//     }\n// }\n\n// jar {\n// \tmanifest {\n// \t\tattributes 'Main-class': \"com.kissaki.mondogrosso.mondogrossoProcessOrders.MondogrossoProcessOrders\"\n// \t}\n\t\n// \tfrom {\n// \t\tconfigurations.runtime.collect {\n// \t\t\tif (it.isDirectory()){\n// \t\t\t} else {\n// \t\t\t\tit\n// \t\t\t\tzipTree(it)\n// \t\t\t}\n// \t\t}\n// \t}\n\t\n// \tfrom {\n// \t\tfileTree(dir: 'resources', includes: ['*.*'])\n// \t}\n\t\n// \t//exclude('scala/**') \n// }\n\n";
    messageCount = 59;
}
S2 received:{
    "S2_KEY_2013_05_24_12_10_09" = "-update:/Users/mondogrosso/Desktop/S2/S2target/src/main/scala/HelloWorld.scala object HelloWorld {\n\t\n\tdef main(args: Array[String]) = println(\"Hi!\")\n\n\tprintln(\"hereComes\")\n\tval sda = 100\n\tval a = \"a\"\n}";
    messageCount = 60;
}
S2 received:{
    "S2_KEY_2013_05_24_12_10_09" = "-update:/Users/mondogrosso/Desktop/S2/S2target/src/main/scala/s.scala no-data, maybe path does not exist.";
    messageCount = 61;
}
S2 received:{
    "S2_KEY_2013_05_24_12_10_09" = "-update:/Users/mondogrosso/Desktop/S2/S2target/src/main/scala/t.scala no-data, maybe path does not exist.";
    messageCount = 62;
}
S2 received:{
    "S2_KEY_2013_05_24_12_10_09" = "-update:/Users/mondogrosso/Desktop/S2/S2target/build.gradle apply plugin:\"scala\"\napply plugin:\"maven\"\n\ntask wrapper(type: Wrapper) {\n    gradleVersion = '1.6'\n}\n\ndef encoding = 'UTF-8'\n\n[compileScala, compileTestScala].each{\n\tit.options.encoding = encoding\n}\n\nrepositories {\n\tmavenCentral()\n}\n\ndependencies {\n\tscalaTools  (\n\t\t[group: \"org.scala-lang\", name: \"scala-compiler\",version: \"2.10.1\"],\n\t\t[group: \"org.scala-lang\", name: \"scala-library\",version: \"2.10.1\"]\n\t)\n\t\n\tcompile (\n\t\t[group: \"org.scala-lang\", name: \"scala-library\",version: \"2.10.1\"]\n\t)\n}\n\n\n\n\n// compileScala {\n// \tscalaCompileOptions.useCompileDaemon = false\n// }\n\n// tasks.withType(ScalaCompile) {\n//     scalaCompileOptions.useAnt = false,\n// }\n// tasks.withType(ScalaCompile) {    \n//     configure(scalaCompileOptions.forkOptions) {\n//         memoryMaximumSize = '1g'\n//         jvmArgs = ['-XX:MaxPermSize=512m']\n//     }\n// }\n\n// jar {\n// \tmanifest {\n// \t\tattributes 'Main-class': \"com.kissaki.mondogrosso.mondogrossoProcessOrders.MondogrossoProcessOrders\"\n// \t}\n\t\n// \tfrom {\n// \t\tconfigurations.runtime.collect {\n// \t\t\tif (it.isDirectory()){\n// \t\t\t} else {\n// \t\t\t\tit\n// \t\t\t\tzipTree(it)\n// \t\t\t}\n// \t\t}\n// \t}\n\t\n// \tfrom {\n// \t\tfileTree(dir: 'resources', includes: ['*.*'])\n// \t}\n\t\n// \t//exclude('scala/**') \n// }\n\n";
    messageCount = 63;
}
S2 received:{
    "S2_KEY_2013_05_24_12_10_09" = "-update:/Users/mondogrosso/Desktop/S2/S2target/src/main/scala/HelloWorld.scala object HelloWorld {\n\t\n\tdef main(args: Array[String]) = println(\"Hi!\")\n\n\tprintln(\"hereComes\")\n\tval sda = 100\n\tval a = \"a\"\n}";
    messageCount = 64;
}
S2 received:{
    "S2_KEY_2013_05_24_12_10_09" = "-update:/Users/mondogrosso/Desktop/S2/S2target/src/main/scala/s.scala no-data, maybe path does not exist.";
    messageCount = 65;
}
S2 received:{
    "S2_KEY_2013_05_24_12_10_09" = "-update:/Users/mondogrosso/Desktop/S2/S2target/src/main/scala/t.scala no-data, maybe path does not exist.";
    messageCount = 66;
}
S2 received:{
    "S2_KEY_2013_05_24_12_10_09" = "-update:/Users/mondogrosso/Desktop/S2/S2target/build.gradle apply plugin:\"scala\"\napply plugin:\"maven\"\n\ntask wrapper(type: Wrapper) {\n    gradleVersion = '1.6'\n}\n\ndef encoding = 'UTF-8'\n\n[compileScala, compileTestScala].each{\n\tit.options.encoding = encoding\n}\n\nrepositories {\n\tmavenCentral()\n}\n\ndependencies {\n\tscalaTools  (\n\t\t[group: \"org.scala-lang\", name: \"scala-compiler\",version: \"2.10.1\"],\n\t\t[group: \"org.scala-lang\", name: \"scala-library\",version: \"2.10.1\"]\n\t)\n\t\n\tcompile (\n\t\t[group: \"org.scala-lang\", name: \"scala-library\",version: \"2.10.1\"]\n\t)\n}\n\n\n\n\n// compileScala {\n// \tscalaCompileOptions.useCompileDaemon = false\n// }\n\n// tasks.withType(ScalaCompile) {\n//     scalaCompileOptions.useAnt = false,\n// }\n// tasks.withType(ScalaCompile) {    \n//     configure(scalaCompileOptions.forkOptions) {\n//         memoryMaximumSize = '1g'\n//         jvmArgs = ['-XX:MaxPermSize=512m']\n//     }\n// }\n\n// jar {\n// \tmanifest {\n// \t\tattributes 'Main-class': \"com.kissaki.mondogrosso.mondogrossoProcessOrders.MondogrossoProcessOrders\"\n// \t}\n\t\n// \tfrom {\n// \t\tconfigurations.runtime.collect {\n// \t\t\tif (it.isDirectory()){\n// \t\t\t} else {\n// \t\t\t\tit\n// \t\t\t\tzipTree(it)\n// \t\t\t}\n// \t\t}\n// \t}\n\t\n// \tfrom {\n// \t\tfileTree(dir: 'resources', includes: ['*.*'])\n// \t}\n\t\n// \t//exclude('scala/**') \n// }\n\n";
    messageCount = 67;
}
S2 received:{
    "S2_KEY_2013_05_24_12_10_09" = "-update:/Users/mondogrosso/Desktop/S2/S2target/src/main/scala/HelloWorld.scala object HelloWorld {\n\t\n\tdef main(args: Array[String]) = println(\"Hi!\")\n\n\tprintln(\"hereComes\")\n\tval sda = 100\n\tval a = \"a\"\n}";
    messageCount = 68;
}
S2 received:{
    "S2_KEY_2013_05_24_12_10_09" = "-update:/Users/mondogrosso/Desktop/S2/S2target/src/main/scala/s.scala no-data, maybe path does not exist.";
    messageCount = 69;
}
S2 received:{
    "S2_KEY_2013_05_24_12_10_09" = "-update:/Users/mondogrosso/Desktop/S2/S2target/src/main/scala/t.scala no-data, maybe path does not exist.";
    messageCount = 70;
}
S2 received:{
    "S2_KEY_2013_05_24_12_10_09" = "-update:/Users/mondogrosso/Desktop/S2/S2target/build.gradle apply plugin:\"scala\"\napply plugin:\"maven\"\n\ntask wrapper(type: Wrapper) {\n    gradleVersion = '1.6'\n}\n\ndef encoding = 'UTF-8'\n\n[compileScala, compileTestScala].each{\n\tit.options.encoding = encoding\n}\n\nrepositories {\n\tmavenCentral()\n}\n\ndependencies {\n\tscalaTools  (\n\t\t[group: \"org.scala-lang\", name: \"scala-compiler\",version: \"2.10.1\"],\n\t\t[group: \"org.scala-lang\", name: \"scala-library\",version: \"2.10.1\"]\n\t)\n\t\n\tcompile (\n\t\t[group: \"org.scala-lang\", name: \"scala-library\",version: \"2.10.1\"]\n\t)\n}\n\n\n\n\n// compileScala {\n// \tscalaCompileOptions.useCompileDaemon = false\n// }\n\n// tasks.withType(ScalaCompile) {\n//     scalaCompileOptions.useAnt = false,\n// }\n// tasks.withType(ScalaCompile) {    \n//     configure(scalaCompileOptions.forkOptions) {\n//         memoryMaximumSize = '1g'\n//         jvmArgs = ['-XX:MaxPermSize=512m']\n//     }\n// }\n\n// jar {\n// \tmanifest {\n// \t\tattributes 'Main-class': \"com.kissaki.mondogrosso.mondogrossoProcessOrders.MondogrossoProcessOrders\"\n// \t}\n\t\n// \tfrom {\n// \t\tconfigurations.runtime.collect {\n// \t\t\tif (it.isDirectory()){\n// \t\t\t} else {\n// \t\t\t\tit\n// \t\t\t\tzipTree(it)\n// \t\t\t}\n// \t\t}\n// \t}\n\t\n// \tfrom {\n// \t\tfileTree(dir: 'resources', includes: ['*.*'])\n// \t}\n\t\n// \t//exclude('scala/**') \n// }\n\n";
    messageCount = 71;
}
S2 received:{
    "S2_KEY_2013_05_24_12_10_09" = "-update:/Users/mondogrosso/Desktop/S2/S2target/src/main/scala/HelloWorld.scala object HelloWorld {\n\t\n\tdef main(args: Array[String]) = println(\"Hi!\")\n\n\tprintln(\"hereComes\")\n\tval sda = 100\n\tval a = \"a\"\n}";
    messageCount = 72;
}
S2 received:{
    "S2_KEY_2013_05_24_12_10_09" = "-update:/Users/mondogrosso/Desktop/S2/S2target/src/main/scala/s.scala no-data, maybe path does not exist.";
    messageCount = 73;
}
S2 received:{
    "S2_KEY_2013_05_24_12_10_09" = "-update:/Users/mondogrosso/Desktop/S2/S2target/src/main/scala/t.scala no-data, maybe path does not exist.";
    messageCount = 74;
}
S2 received:{
    "S2_KEY_2013_05_24_12_10_09" = "-update:/Users/mondogrosso/Desktop/S2/S2target/build.gradle apply plugin:\"scala\"\napply plugin:\"maven\"\n\ntask wrapper(type: Wrapper) {\n    gradleVersion = '1.6'\n}\n\ndef encoding = 'UTF-8'\n\n[compileScala, compileTestScala].each{\n\tit.options.encoding = encoding\n}\n\nrepositories {\n\tmavenCentral()\n}\n\ndependencies {\n\tscalaTools  (\n\t\t[group: \"org.scala-lang\", name: \"scala-compiler\",version: \"2.10.1\"],\n\t\t[group: \"org.scala-lang\", name: \"scala-library\",version: \"2.10.1\"]\n\t)\n\t\n\tcompile (\n\t\t[group: \"org.scala-lang\", name: \"scala-library\",version: \"2.10.1\"]\n\t)\n}\n\n\n\n\n// compileScala {\n// \tscalaCompileOptions.useCompileDaemon = false\n// }\n\n// tasks.withType(ScalaCompile) {\n//     scalaCompileOptions.useAnt = false,\n// }\n// tasks.withType(ScalaCompile) {    \n//     configure(scalaCompileOptions.forkOptions) {\n//         memoryMaximumSize = '1g'\n//         jvmArgs = ['-XX:MaxPermSize=512m']\n//     }\n// }\n\n// jar {\n// \tmanifest {\n// \t\tattributes 'Main-class': \"com.kissaki.mondogrosso.mondogrossoProcessOrders.MondogrossoProcessOrders\"\n// \t}\n\t\n// \tfrom {\n// \t\tconfigurations.runtime.collect {\n// \t\t\tif (it.isDirectory()){\n// \t\t\t} else {\n// \t\t\t\tit\n// \t\t\t\tzipTree(it)\n// \t\t\t}\n// \t\t}\n// \t}\n\t\n// \tfrom {\n// \t\tfileTree(dir: 'resources', includes: ['*.*'])\n// \t}\n\t\n// \t//exclude('scala/**') \n// }\n\n";
    messageCount = 75;
}
S2 received:{
    "S2_KEY_2013_05_24_12_10_09" = "-update:/Users/mondogrosso/Desktop/S2/S2target/src/main/scala/HelloWorld.scala object HelloWorld {\n\t\n\tdef main(args: Array[String]) = println(\"Hi!\")\n\n\tprintln(\"hereComes\")\n\tval sda = 100\n\tval a = \"a\"\n}";
    messageCount = 76;
}
S2 received:{
    "S2_KEY_2013_05_24_12_10_09" = "-update:/Users/mondogrosso/Desktop/S2/S2target/src/main/scala/s.scala no-data, maybe path does not exist.";
    messageCount = 77;
}
S2 received:{
    "S2_KEY_2013_05_24_12_10_09" = "-update:/Users/mondogrosso/Desktop/S2/S2target/src/main/scala/t.scala no-data, maybe path does not exist.";
    messageCount = 78;
}
S2 received:{
    "S2_KEY_2013_05_24_12_10_09" = "-update:/Users/mondogrosso/Desktop/S2/S2target/build.gradle apply plugin:\"scala\"\napply plugin:\"maven\"\n\ntask wrapper(type: Wrapper) {\n    gradleVersion = '1.6'\n}\n\ndef encoding = 'UTF-8'\n\n[compileScala, compileTestScala].each{\n\tit.options.encoding = encoding\n}\n\nrepositories {\n\tmavenCentral()\n}\n\ndependencies {\n\tscalaTools  (\n\t\t[group: \"org.scala-lang\", name: \"scala-compiler\",version: \"2.10.1\"],\n\t\t[group: \"org.scala-lang\", name: \"scala-library\",version: \"2.10.1\"]\n\t)\n\t\n\tcompile (\n\t\t[group: \"org.scala-lang\", name: \"scala-library\",version: \"2.10.1\"]\n\t)\n}\n\n\n\n\n// compileScala {\n// \tscalaCompileOptions.useCompileDaemon = false\n// }\n\n// tasks.withType(ScalaCompile) {\n//     scalaCompileOptions.useAnt = false,\n// }\n// tasks.withType(ScalaCompile) {    \n//     configure(scalaCompileOptions.forkOptions) {\n//         memoryMaximumSize = '1g'\n//         jvmArgs = ['-XX:MaxPermSize=512m']\n//     }\n// }\n\n// jar {\n// \tmanifest {\n// \t\tattributes 'Main-class': \"com.kissaki.mondogrosso.mondogrossoProcessOrders.MondogrossoProcessOrders\"\n// \t}\n\t\n// \tfrom {\n// \t\tconfigurations.runtime.collect {\n// \t\t\tif (it.isDirectory()){\n// \t\t\t} else {\n// \t\t\t\tit\n// \t\t\t\tzipTree(it)\n// \t\t\t}\n// \t\t}\n// \t}\n\t\n// \tfrom {\n// \t\tfileTree(dir: 'resources', includes: ['*.*'])\n// \t}\n\t\n// \t//exclude('scala/**') \n// }\n\n";
    messageCount = 79;
}
S2 received:{
    "S2_KEY_2013_05_24_12_10_09" = "-update:/Users/mondogrosso/Desktop/S2/S2target/src/main/scala/HelloWorld.scala object HelloWorld {\n\t\n\tdef main(args: Array[String]) = println(\"Hi!\")\n\n\tprintln(\"hereComes\")\n\tval sda = 100\n\tval a = \"a\"\n}";
    messageCount = 80;
}
S2 received:{
    "S2_KEY_2013_05_24_12_10_09" = "-update:/Users/mondogrosso/Desktop/S2/S2target/src/main/scala/s.scala no-data, maybe path does not exist.";
    messageCount = 81;
}
S2 received:{
    "S2_KEY_2013_05_24_12_10_09" = "-update:/Users/mondogrosso/Desktop/S2/S2target/src/main/scala/t.scala no-data, maybe path does not exist.";
    messageCount = 82;
}
S2 received:{
    "S2_KEY_2013_05_24_12_10_09" = "-update:/Users/mondogrosso/Desktop/S2/S2target/build.gradle apply plugin:\"scala\"\napply plugin:\"maven\"\n\ntask wrapper(type: Wrapper) {\n    gradleVersion = '1.6'\n}\n\ndef encoding = 'UTF-8'\n\n[compileScala, compileTestScala].each{\n\tit.options.encoding = encoding\n}\n\nrepositories {\n\tmavenCentral()\n}\n\ndependencies {\n\tscalaTools  (\n\t\t[group: \"org.scala-lang\", name: \"scala-compiler\",version: \"2.10.1\"],\n\t\t[group: \"org.scala-lang\", name: \"scala-library\",version: \"2.10.1\"]\n\t)\n\t\n\tcompile (\n\t\t[group: \"org.scala-lang\", name: \"scala-library\",version: \"2.10.1\"]\n\t)\n}\n\n\n\n\n// compileScala {\n// \tscalaCompileOptions.useCompileDaemon = false\n// }\n\n// tasks.withType(ScalaCompile) {\n//     scalaCompileOptions.useAnt = false,\n// }\n// tasks.withType(ScalaCompile) {    \n//     configure(scalaCompileOptions.forkOptions) {\n//         memoryMaximumSize = '1g'\n//         jvmArgs = ['-XX:MaxPermSize=512m']\n//     }\n// }\n\n// jar {\n// \tmanifest {\n// \t\tattributes 'Main-class': \"com.kissaki.mondogrosso.mondogrossoProcessOrders.MondogrossoProcessOrders\"\n// \t}\n\t\n// \tfrom {\n// \t\tconfigurations.runtime.collect {\n// \t\t\tif (it.isDirectory()){\n// \t\t\t} else {\n// \t\t\t\tit\n// \t\t\t\tzipTree(it)\n// \t\t\t}\n// \t\t}\n// \t}\n\t\n// \tfrom {\n// \t\tfileTree(dir: 'resources', includes: ['*.*'])\n// \t}\n\t\n// \t//exclude('scala/**') \n// }\n\n";
    messageCount = 83;
}
S2 received:{
    "S2_KEY_2013_05_24_12_10_09" = "-update:/Users/mondogrosso/Desktop/S2/S2target/src/main/scala/HelloWorld.scala object HelloWorld {\n\t\n\tdef main(args: Array[String]) = println(\"Hi!\")\n\n\tprintln(\"hereComes\")\n\tval sda = 100\n\tval a = \"a\"\n}";
    messageCount = 84;
}
S2 received:{
    "S2_KEY_2013_05_24_12_10_09" = "-update:/Users/mondogrosso/Desktop/S2/S2target/src/main/scala/s.scala no-data, maybe path does not exist.";
    messageCount = 85;
}
S2 received:{
    "S2_KEY_2013_05_24_12_10_09" = "-update:/Users/mondogrosso/Desktop/S2/S2target/src/main/scala/t.scala no-data, maybe path does not exist.";
    messageCount = 86;
}
S2 received:{
    "S2_KEY_2013_05_24_12_10_09" = "-update:/Users/mondogrosso/Desktop/S2/S2target/build.gradle apply plugin:\"scala\"\napply plugin:\"maven\"\n\ntask wrapper(type: Wrapper) {\n    gradleVersion = '1.6'\n}\n\ndef encoding = 'UTF-8'\n\n[compileScala, compileTestScala].each{\n\tit.options.encoding = encoding\n}\n\nrepositories {\n\tmavenCentral()\n}\n\ndependencies {\n\tscalaTools  (\n\t\t[group: \"org.scala-lang\", name: \"scala-compiler\",version: \"2.10.1\"],\n\t\t[group: \"org.scala-lang\", name: \"scala-library\",version: \"2.10.1\"]\n\t)\n\t\n\tcompile (\n\t\t[group: \"org.scala-lang\", name: \"scala-library\",version: \"2.10.1\"]\n\t)\n}\n\n\n\n\n// compileScala {\n// \tscalaCompileOptions.useCompileDaemon = false\n// }\n\n// tasks.withType(ScalaCompile) {\n//     scalaCompileOptions.useAnt = false,\n// }\n// tasks.withType(ScalaCompile) {    \n//     configure(scalaCompileOptions.forkOptions) {\n//         memoryMaximumSize = '1g'\n//         jvmArgs = ['-XX:MaxPermSize=512m']\n//     }\n// }\n\n// jar {\n// \tmanifest {\n// \t\tattributes 'Main-class': \"com.kissaki.mondogrosso.mondogrossoProcessOrders.MondogrossoProcessOrders\"\n// \t}\n\t\n// \tfrom {\n// \t\tconfigurations.runtime.collect {\n// \t\t\tif (it.isDirectory()){\n// \t\t\t} else {\n// \t\t\t\tit\n// \t\t\t\tzipTree(it)\n// \t\t\t}\n// \t\t}\n// \t}\n\t\n// \tfrom {\n// \t\tfileTree(dir: 'resources', includes: ['*.*'])\n// \t}\n\t\n// \t//exclude('scala/**') \n// }\n\n";
    messageCount = 87;
}
S2 received:{
    "S2_KEY_2013_05_24_12_10_09" = "-update:/Users/mondogrosso/Desktop/S2/S2target/src/main/scala/HelloWorld.scala object HelloWorld {\n\t\n\tdef main(args: Array[String]) = println(\"Hi!\")\n\n\tprintln(\"hereComes\")\n\tval sda = 100\n\tval a = \"a\"\n}";
    messageCount = 88;
}
S2 received:{
    "S2_KEY_2013_05_24_12_10_09" = "-update:/Users/mondogrosso/Desktop/S2/S2target/src/main/scala/s.scala no-data, maybe path does not exist.";
    messageCount = 89;
}
S2 received:{
    "S2_KEY_2013_05_24_12_10_09" = "-update:/Users/mondogrosso/Desktop/S2/S2target/src/main/scala/t.scala no-data, maybe path does not exist.";
    messageCount = 90;
}
S2 received:{
    "S2_KEY_2013_05_24_12_10_09" = "-update:/Users/mondogrosso/Desktop/S2/S2target/build.gradle apply plugin:\"scala\"\napply plugin:\"maven\"\n\ntask wrapper(type: Wrapper) {\n    gradleVersion = '1.6'\n}\n\ndef encoding = 'UTF-8'\n\n[compileScala, compileTestScala].each{\n\tit.options.encoding = encoding\n}\n\nrepositories {\n\tmavenCentral()\n}\n\ndependencies {\n\tscalaTools  (\n\t\t[group: \"org.scala-lang\", name: \"scala-compiler\",version: \"2.10.1\"],\n\t\t[group: \"org.scala-lang\", name: \"scala-library\",version: \"2.10.1\"]\n\t)\n\t\n\tcompile (\n\t\t[group: \"org.scala-lang\", name: \"scala-library\",version: \"2.10.1\"]\n\t)\n}\n\n\n\n\n// compileScala {\n// \tscalaCompileOptions.useCompileDaemon = false\n// }\n\n// tasks.withType(ScalaCompile) {\n//     scalaCompileOptions.useAnt = false,\n// }\n// tasks.withType(ScalaCompile) {    \n//     configure(scalaCompileOptions.forkOptions) {\n//         memoryMaximumSize = '1g'\n//         jvmArgs = ['-XX:MaxPermSize=512m']\n//     }\n// }\n\n// jar {\n// \tmanifest {\n// \t\tattributes 'Main-class': \"com.kissaki.mondogrosso.mondogrossoProcessOrders.MondogrossoProcessOrders\"\n// \t}\n\t\n// \tfrom {\n// \t\tconfigurations.runtime.collect {\n// \t\t\tif (it.isDirectory()){\n// \t\t\t} else {\n// \t\t\t\tit\n// \t\t\t\tzipTree(it)\n// \t\t\t}\n// \t\t}\n// \t}\n\t\n// \tfrom {\n// \t\tfileTree(dir: 'resources', includes: ['*.*'])\n// \t}\n\t\n// \t//exclude('scala/**') \n// }\n\n";
    messageCount = 91;
}
S2 received:{
    "S2_KEY_2013_05_24_12_10_09" = "-update:/Users/mondogrosso/Desktop/S2/S2target/src/main/scala/HelloWorld.scala object HelloWorld {\n\t\n\tdef main(args: Array[String]) = println(\"Hi!\")\n\n\tprintln(\"hereComes\")\n\tval sda = 100\n\tval a = \"a\"\n}";
    messageCount = 92;
}
S2 received:{
    "S2_KEY_2013_05_24_12_10_09" = "-update:/Users/mondogrosso/Desktop/S2/S2target/src/main/scala/s.scala no-data, maybe path does not exist.";
    messageCount = 93;
}
S2 received:{
    "S2_KEY_2013_05_24_12_10_09" = "-update:/Users/mondogrosso/Desktop/S2/S2target/src/main/scala/t.scala no-data, maybe path does not exist.";
    messageCount = 94;
}
S2 received:{
    "S2_KEY_2013_05_24_12_10_09" = "-update:/Users/mondogrosso/Desktop/S2/S2target/build.gradle apply plugin:\"scala\"\napply plugin:\"maven\"\n\ntask wrapper(type: Wrapper) {\n    gradleVersion = '1.6'\n}\n\ndef encoding = 'UTF-8'\n\n[compileScala, compileTestScala].each{\n\tit.options.encoding = encoding\n}\n\nrepositories {\n\tmavenCentral()\n}\n\ndependencies {\n\tscalaTools  (\n\t\t[group: \"org.scala-lang\", name: \"scala-compiler\",version: \"2.10.1\"],\n\t\t[group: \"org.scala-lang\", name: \"scala-library\",version: \"2.10.1\"]\n\t)\n\t\n\tcompile (\n\t\t[group: \"org.scala-lang\", name: \"scala-library\",version: \"2.10.1\"]\n\t)\n}\n\n\n\n\n// compileScala {\n// \tscalaCompileOptions.useCompileDaemon = false\n// }\n\n// tasks.withType(ScalaCompile) {\n//     scalaCompileOptions.useAnt = false,\n// }\n// tasks.withType(ScalaCompile) {    \n//     configure(scalaCompileOptions.forkOptions) {\n//         memoryMaximumSize = '1g'\n//         jvmArgs = ['-XX:MaxPermSize=512m']\n//     }\n// }\n\n// jar {\n// \tmanifest {\n// \t\tattributes 'Main-class': \"com.kissaki.mondogrosso.mondogrossoProcessOrders.MondogrossoProcessOrders\"\n// \t}\n\t\n// \tfrom {\n// \t\tconfigurations.runtime.collect {\n// \t\t\tif (it.isDirectory()){\n// \t\t\t} else {\n// \t\t\t\tit\n// \t\t\t\tzipTree(it)\n// \t\t\t}\n// \t\t}\n// \t}\n\t\n// \tfrom {\n// \t\tfileTree(dir: 'resources', includes: ['*.*'])\n// \t}\n\t\n// \t//exclude('scala/**') \n// }\n\n";
    messageCount = 95;
}
S2 received:{
    "S2_KEY_2013_05_24_12_10_09" = "-update:/Users/mondogrosso/Desktop/S2/S2target/src/main/scala/HelloWorld.scala object HelloWorld {\n\t\n\tdef main(args: Array[String]) = println(\"Hi!\")\n\n\tprintln(\"hereComes\")\n\tval sda = 100\n\tval a = \"a\"\n}";
    messageCount = 96;
}
S2 received:{
    "S2_KEY_2013_05_24_12_10_09" = "-update:/Users/mondogrosso/Desktop/S2/S2target/src/main/scala/s.scala no-data, maybe path does not exist.";
    messageCount = 97;
}
S2 received:{
    "S2_KEY_2013_05_24_12_10_09" = "-update:/Users/mondogrosso/Desktop/S2/S2target/src/main/scala/t.scala no-data, maybe path does not exist.";
    messageCount = 98;
}
S2 received:{
    "S2_KEY_2013_05_24_12_10_09" = "-update:/Users/mondogrosso/Desktop/S2/S2target/build.gradle apply plugin:\"scala\"\napply plugin:\"maven\"\n\ntask wrapper(type: Wrapper) {\n    gradleVersion = '1.6'\n}\n\ndef encoding = 'UTF-8'\n\n[compileScala, compileTestScala].each{\n\tit.options.encoding = encoding\n}\n\nrepositories {\n\tmavenCentral()\n}\n\ndependencies {\n\tscalaTools  (\n\t\t[group: \"org.scala-lang\", name: \"scala-compiler\",version: \"2.10.1\"],\n\t\t[group: \"org.scala-lang\", name: \"scala-library\",version: \"2.10.1\"]\n\t)\n\t\n\tcompile (\n\t\t[group: \"org.scala-lang\", name: \"scala-library\",version: \"2.10.1\"]\n\t)\n}\n\n\n\n\n// compileScala {\n// \tscalaCompileOptions.useCompileDaemon = false\n// }\n\n// tasks.withType(ScalaCompile) {\n//     scalaCompileOptions.useAnt = false,\n// }\n// tasks.withType(ScalaCompile) {    \n//     configure(scalaCompileOptions.forkOptions) {\n//         memoryMaximumSize = '1g'\n//         jvmArgs = ['-XX:MaxPermSize=512m']\n//     }\n// }\n\n// jar {\n// \tmanifest {\n// \t\tattributes 'Main-class': \"com.kissaki.mondogrosso.mondogrossoProcessOrders.MondogrossoProcessOrders\"\n// \t}\n\t\n// \tfrom {\n// \t\tconfigurations.runtime.collect {\n// \t\t\tif (it.isDirectory()){\n// \t\t\t} else {\n// \t\t\t\tit\n// \t\t\t\tzipTree(it)\n// \t\t\t}\n// \t\t}\n// \t}\n\t\n// \tfrom {\n// \t\tfileTree(dir: 'resources', includes: ['*.*'])\n// \t}\n\t\n// \t//exclude('scala/**') \n// }\n\n";
    messageCount = 99;
}
S2 received:{
    "S2_KEY_2013_05_24_12_10_09" = "-update:/Users/mondogrosso/Desktop/S2/S2target/src/main/scala/HelloWorld.scala object HelloWorld {\n\t\n\tdef main(args: Array[String]) = println(\"Hi!\")\n\n\tprintln(\"hereComes\")\n\tval sda = 100\n\tval a = \"a\"\n}";
    messageCount = 100;
}
S2 received:{
    "S2_KEY_2013_05_24_12_10_09" = "-update:/Users/mondogrosso/Desktop/S2/S2target/src/main/scala/s.scala no-data, maybe path does not exist.";
    messageCount = 101;
}
S2 received:{
    "S2_KEY_2013_05_24_12_10_09" = "-update:/Users/mondogrosso/Desktop/S2/S2target/src/main/scala/t.scala no-data, maybe path does not exist.";
    messageCount = 102;
}
S2 received:{
    "S2_KEY_2013_05_24_12_10_09" = "-update:/Users/mondogrosso/Desktop/S2/S2target/build.gradle apply plugin:\"scala\"\napply plugin:\"maven\"\n\ntask wrapper(type: Wrapper) {\n    gradleVersion = '1.6'\n}\n\ndef encoding = 'UTF-8'\n\n[compileScala, compileTestScala].each{\n\tit.options.encoding = encoding\n}\n\nrepositories {\n\tmavenCentral()\n}\n\ndependencies {\n\tscalaTools  (\n\t\t[group: \"org.scala-lang\", name: \"scala-compiler\",version: \"2.10.1\"],\n\t\t[group: \"org.scala-lang\", name: \"scala-library\",version: \"2.10.1\"]\n\t)\n\t\n\tcompile (\n\t\t[group: \"org.scala-lang\", name: \"scala-library\",version: \"2.10.1\"]\n\t)\n}\n\n\n\n\n// compileScala {\n// \tscalaCompileOptions.useCompileDaemon = false\n// }\n\n// tasks.withType(ScalaCompile) {\n//     scalaCompileOptions.useAnt = false,\n// }\n// tasks.withType(ScalaCompile) {    \n//     configure(scalaCompileOptions.forkOptions) {\n//         memoryMaximumSize = '1g'\n//         jvmArgs = ['-XX:MaxPermSize=512m']\n//     }\n// }\n\n// jar {\n// \tmanifest {\n// \t\tattributes 'Main-class': \"com.kissaki.mondogrosso.mondogrossoProcessOrders.MondogrossoProcessOrders\"\n// \t}\n\t\n// \tfrom {\n// \t\tconfigurations.runtime.collect {\n// \t\t\tif (it.isDirectory()){\n// \t\t\t} else {\n// \t\t\t\tit\n// \t\t\t\tzipTree(it)\n// \t\t\t}\n// \t\t}\n// \t}\n\t\n// \tfrom {\n// \t\tfileTree(dir: 'resources', includes: ['*.*'])\n// \t}\n\t\n// \t//exclude('scala/**') \n// }\n\n";
    messageCount = 103;
}
S2 received:{
    "S2_KEY_2013_05_24_12_10_09" = "-update:/Users/mondogrosso/Desktop/S2/S2target/src/main/scala/HelloWorld.scala object HelloWorld {\n\t\n\tdef main(args: Array[String]) = println(\"Hi!\")\n\n\tprintln(\"hereComes\")\n\tval sda = 100\n\tval a = \"a\"\n}";
    messageCount = 104;
}
S2 received:{
    "S2_KEY_2013_05_24_12_10_09" = "-update:/Users/mondogrosso/Desktop/S2/S2target/src/main/scala/s.scala no-data, maybe path does not exist.";
    messageCount = 105;
}
S2 received:{
    "S2_KEY_2013_05_24_12_10_09" = "-update:/Users/mondogrosso/Desktop/S2/S2target/src/main/scala/t.scala no-data, maybe path does not exist.";
    messageCount = 106;
}
S2 received:{
    "S2_KEY_2013_05_24_12_10_09" = "S2-compile";
    messageCount = 107;
}
S2 received:{
    "S2_KEY_2013_05_24_12_10_09" = "-compile /Users/mondogrosso/Desktop/S2/S2target/build.gradle,/Users/mondogrosso/Desktop/S2/S2target/build.sbt,/Users/mondogrosso/Desktop/S2/S2target/src/.DS_Store,/Users/mondogrosso/Desktop/S2/S2target/src/main/.DS_Store,/Users/mondogrosso/Desktop/S2/S2target/src/main/scala/.DS_Store,/Users/mondogrosso/Desktop/S2/S2target/src/main/scala/HelloWorld.scala,/Users/mondogrosso/Desktop/S2/S2target/src/main/scala/s.scala,/Users/mondogrosso/Desktop/S2/S2target/src/main/scala/t.scala";
    messageCount = 108;
}
S2 received:{
    "S2_KEY_2013_05_24_12_10_09" = "-compile /Users/mondogrosso/Desktop/S2/S2target/build.gradle,/Users/mondogrosso/Desktop/S2/S2target/build.sbt,/Users/mondogrosso/Desktop/S2/S2target/src/.DS_Store,/Users/mondogrosso/Desktop/S2/S2target/src/main/.DS_Store,/Users/mondogrosso/Desktop/S2/S2target/src/main/scala/.DS_Store,/Users/mondogrosso/Desktop/S2/S2target/src/main/scala/HelloWorld.scala,/Users/mondogrosso/Desktop/S2/S2target/src/main/scala/s.scala,/Users/mondogrosso/Desktop/S2/S2target/src/main/scala/t.scala";
    messageCount = 109;
}
S2 received:{
    "S2_KEY_2013_05_24_12_10_09" = "-compile /Users/mondogrosso/Desktop/S2/S2target/build.gradle,/Users/mondogrosso/Desktop/S2/S2target/build.sbt,/Users/mondogrosso/Desktop/S2/S2target/src/.DS_Store,/Users/mondogrosso/Desktop/S2/S2target/src/main/.DS_Store,/Users/mondogrosso/Desktop/S2/S2target/src/main/scala/.DS_Store,/Users/mondogrosso/Desktop/S2/S2target/src/main/scala/HelloWorld.scala,/Users/mondogrosso/Desktop/S2/S2target/src/main/scala/s.scala,/Users/mondogrosso/Desktop/S2/S2target/src/main/scala/t.scala";
    messageCount = 110;
}
S2 received:{
    "S2_KEY_2013_05_24_12_10_09" = "-compile /Users/mondogrosso/Desktop/S2/S2target/build.gradle,/Users/mondogrosso/Desktop/S2/S2target/build.sbt,/Users/mondogrosso/Desktop/S2/S2target/src/.DS_Store,/Users/mondogrosso/Desktop/S2/S2target/src/main/.DS_Store,/Users/mondogrosso/Desktop/S2/S2target/src/main/scala/.DS_Store,/Users/mondogrosso/Desktop/S2/S2target/src/main/scala/HelloWorld.scala,/Users/mondogrosso/Desktop/S2/S2target/src/main/scala/s.scala,/Users/mondogrosso/Desktop/S2/S2target/src/main/scala/t.scala";
    messageCount = 111;
}
S2 received:{
    "S2_KEY_2013_05_24_12_10_09" = "-compile /Users/mondogrosso/Desktop/S2/S2target/build.gradle,/Users/mondogrosso/Desktop/S2/S2target/build.sbt,/Users/mondogrosso/Desktop/S2/S2target/src/.DS_Store,/Users/mondogrosso/Desktop/S2/S2target/src/main/.DS_Store,/Users/mondogrosso/Desktop/S2/S2target/src/main/scala/.DS_Store,/Users/mondogrosso/Desktop/S2/S2target/src/main/scala/HelloWorld.scala,/Users/mondogrosso/Desktop/S2/S2target/src/main/scala/s.scala,/Users/mondogrosso/Desktop/S2/S2target/src/main/scala/t.scala";
    messageCount = 112;
}
